<?xml version="1.0" encoding="UTF-8"?>
<!-- Generated by org.testng.reporters.JUnitXMLReporter -->
<testsuite ignored="0" hostname="DESKTOP-01H70DH" failures="0" tests="1" name="Test-runner FireFox" time="61.795" errors="0" timestamp="2022-03-03T13:16:31 IST">
  <testcase classname="com.crm.ContactTests.POMcreateContactsTest" name="createcontactsTest" time="61.722"/>
</testsuite> <!-- Test-runner FireFox -->
