<?xml version="1.0" encoding="UTF-8"?>
<!-- Generated by org.testng.reporters.JUnitXMLReporter -->
<testsuite ignored="0" hostname="DESKTOP-01H70DH" failures="0" tests="1" name="Test-runner Chrome" time="63.592" errors="0" timestamp="2022-03-03T13:16:33 IST">
  <testcase classname="com.crm.ContactTests.POMcreateContactsTest" name="createcontactsTest" time="63.53"/>
</testsuite> <!-- Test-runner Chrome -->
