<?xml version="1.0" encoding="UTF-8"?>
<!-- Generated by org.testng.reporters.JUnitReportReporter -->
<testsuite hostname="DESKTOP-01H70DH" failures="0" tests="6" name="com.crm.PRACTICE.DataProviderPractice1" time="0.024" errors="0" timestamp="2022-02-28T16:20:27 IST" skipped="0">
  <testcase classname="com.crm.PRACTICE.DataProviderPractice1" name="sampleDataProvider" time="0.002"/>
  <system-out/>
  <testcase classname="com.crm.PRACTICE.DataProviderPractice1" name="sampleDataProvider" time="0.003"/>
  <system-out/>
  <testcase classname="com.crm.PRACTICE.DataProviderPractice1" name="sampleDataProvider" time="0.012"/>
  <system-out/>
  <testcase classname="com.crm.PRACTICE.DataProviderPractice1" name="sampleDataProvider" time="0.003"/>
  <system-out/>
  <testcase classname="com.crm.PRACTICE.DataProviderPractice1" name="sampleDataProvider" time="0.002"/>
  <system-out/>
  <testcase classname="com.crm.PRACTICE.DataProviderPractice1" name="sampleDataProvider" time="0.002"/>
  <system-out/>
</testsuite> <!-- com.crm.PRACTICE.DataProviderPractice1 -->
