<?xml version="1.0" encoding="UTF-8"?>
<!-- Generated by org.testng.reporters.JUnitReportReporter -->
<testsuite hostname="DESKTOP-01H70DH" failures="0" tests="1" name="com.crm.PracticeJDBC.SampleJDBCExecuteQuery" time="0.375" errors="0" timestamp="2022-02-16T22:16:58 IST" skipped="0">
  <testcase classname="com.crm.PracticeJDBC.SampleJDBCExecuteQuery" name="sampleJDBCExicuteQuery" time="0.375"/>
  <system-out/>
</testsuite> <!-- com.crm.PracticeJDBC.SampleJDBCExecuteQuery -->
