<?xml version="1.0" encoding="UTF-8"?>
<!-- Generated by org.testng.reporters.JUnitReportReporter -->
<testsuite hostname="DESKTOP-01H70DH" failures="0" tests="1" name="com.crm.OrganizationTests.CreateOrganizationTest" time="21.693" errors="0" timestamp="2022-02-17T06:00:07 IST" skipped="0">
  <testcase classname="com.crm.OrganizationTests.CreateOrganizationTest" name="createOrganizationTest" time="21.693"/>
  <system-out/>
</testsuite> <!-- com.crm.OrganizationTests.CreateOrganizationTest -->
