<?xml version="1.0" encoding="UTF-8"?>
<!-- Generated by org.testng.reporters.JUnitReportReporter -->
<testsuite hostname="DESKTOP-01H70DH" failures="0" tests="4" name="com.crm.PRACTICE.DataProviderPractice" time="0.013" errors="0" timestamp="2022-02-28T15:48:55 IST" skipped="0">
  <testcase classname="com.crm.PRACTICE.DataProviderPractice" name="sampleDataProvider" time="0.002"/>
  <system-out/>
  <testcase classname="com.crm.PRACTICE.DataProviderPractice" name="sampleDataProvider" time="0.008"/>
  <system-out/>
  <testcase classname="com.crm.PRACTICE.DataProviderPractice" name="sampleDataProvider" time="0.001"/>
  <system-out/>
  <testcase classname="com.crm.PRACTICE.DataProviderPractice" name="sampleDataProvider" time="0.002"/>
  <system-out/>
</testsuite> <!-- com.crm.PRACTICE.DataProviderPractice -->
