<?xml version="1.0" encoding="UTF-8"?>
<!-- Generated by org.testng.reporters.JUnitReportReporter -->
<testsuite hostname="DESKTOP-01H70DH" failures="0" tests="1" name="com.crm.PracticeJDBC.DataVerification" time="0.327" errors="0" timestamp="2022-02-16T22:56:34 IST" skipped="0">
  <testcase classname="com.crm.PracticeJDBC.DataVerification" name="sampleJDBCExicuteQuery" time="0.327"/>
  <system-out/>
</testsuite> <!-- com.crm.PracticeJDBC.DataVerification -->
