<?xml version="1.0" encoding="UTF-8"?>
<!-- Generated by org.testng.reporters.JUnitReportReporter -->
<testsuite hostname="DESKTOP-01H70DH" failures="0" tests="1" name="com.crm.PracticeJDBC.SampleJDBCExecuteUpdate" time="0.486" errors="0" timestamp="2022-02-16T22:47:20 IST" skipped="0">
  <testcase classname="com.crm.PracticeJDBC.SampleJDBCExecuteUpdate" name="sampleJDBCExecuteUpdate" time="0.486"/>
  <system-out/>
</testsuite> <!-- com.crm.PracticeJDBC.SampleJDBCExecuteUpdate -->
