<?xml version="1.0" encoding="UTF-8"?>
<!-- Generated by org.testng.reporters.JUnitReportReporter -->
<testsuite hostname="DESKTOP-01H70DH" failures="0" tests="1" name="com.crm.CampaignTest.createCampaignWithProduct" time="33.265" errors="0" timestamp="2022-02-22T21:47:17 IST" skipped="0">
  <testcase classname="com.crm.CampaignTest.createCampaignWithProduct" name="createCampaignWithProduct1" time="33.265"/>
  <system-out/>
</testsuite> <!-- com.crm.CampaignTest.createCampaignWithProduct -->
