<?xml version="1.0" encoding="UTF-8"?>
<!-- Generated by org.testng.reporters.JUnitReportReporter -->
<testsuite hostname="DESKTOP-01H70DH" failures="0" tests="1" name="com.crm.ContactTests.CreateContactWithOrgTest" time="44.156" errors="0" timestamp="2022-02-24T16:12:05 IST" skipped="0">
  <testcase classname="com.crm.ContactTests.CreateContactWithOrgTest" name="createContactWithOrgTest" time="44.156"/>
  <system-out/>
</testsuite> <!-- com.crm.ContactTests.CreateContactWithOrgTest -->
