<?xml version="1.0" encoding="UTF-8"?>
<!-- Generated by org.testng.reporters.JUnitReportReporter -->
<testsuite hostname="DESKTOP-01H70DH" failures="0" tests="6" name="com.crm.OrganizationTests.CreateOrgWithMultipleDataTest" time="142.238" errors="0" timestamp="2022-03-01T10:58:14 IST" skipped="0">
  <testcase classname="com.crm.OrganizationTests.CreateOrgWithMultipleDataTest" name="createOrgWithMltipleData" time="23.315"/>
  <system-out>
    <![CDATA[login successful
navigated to org link
click on create org link
create org with insustry type
verification successful]]>
  </system-out>
  <testcase classname="com.crm.OrganizationTests.CreateOrgWithMultipleDataTest" name="createOrgWithMltipleData" time="22.871"/>
  <system-out>
    <![CDATA[login successful
navigated to org link
click on create org link
create org with insustry type
verification successful]]>
  </system-out>
  <testcase classname="com.crm.OrganizationTests.CreateOrgWithMultipleDataTest" name="createOrgWithMltipleData" time="21.124"/>
  <system-out>
    <![CDATA[login successful
navigated to org link
click on create org link
create org with insustry type
verification successful]]>
  </system-out>
  <testcase classname="com.crm.OrganizationTests.CreateOrgWithMultipleDataTest" name="createOrgWithMltipleData" time="25.666"/>
  <system-out>
    <![CDATA[login successful
navigated to org link
click on create org link
create org with insustry type
verification successful]]>
  </system-out>
  <testcase classname="com.crm.OrganizationTests.CreateOrgWithMultipleDataTest" name="createOrgWithMltipleData" time="25.000"/>
  <system-out>
    <![CDATA[login successful
navigated to org link
click on create org link
create org with insustry type
verification successful]]>
  </system-out>
  <testcase classname="com.crm.OrganizationTests.CreateOrgWithMultipleDataTest" name="createOrgWithMltipleData" time="24.262"/>
  <system-out>
    <![CDATA[login successful
navigated to org link
click on create org link
create org with insustry type
verification successful]]>
  </system-out>
</testsuite> <!-- com.crm.OrganizationTests.CreateOrgWithMultipleDataTest -->
