<?xml version="1.0" encoding="UTF-8"?>
<!-- Generated by org.testng.reporters.JUnitReportReporter -->
<testsuite hostname="DESKTOP-01H70DH" failures="0" tests="1" name="com.crm.PRACTICE.POMPracticeForLogin" time="26.098" errors="0" timestamp="2022-02-23T16:24:30 IST" skipped="0">
  <testcase classname="com.crm.PRACTICE.POMPracticeForLogin" name="pomPractice" time="26.098"/>
  <system-out/>
</testsuite> <!-- com.crm.PRACTICE.POMPracticeForLogin -->
