<?xml version="1.0" encoding="UTF-8"?>
<!-- Generated by org.testng.reporters.JUnitReportReporter -->
<testsuite hostname="DESKTOP-01H70DH" failures="0" tests="1" name="com.crm.OpportunitiesTest.CreateOpportunitiesTest" time="16.520" errors="0" timestamp="2022-02-23T08:35:00 IST" skipped="0">
  <testcase classname="com.crm.OpportunitiesTest.CreateOpportunitiesTest" name="createOpportunities" time="16.520"/>
  <system-out/>
</testsuite> <!-- com.crm.OpportunitiesTest.CreateOpportunitiesTest -->
