<?xml version="1.0" encoding="UTF-8"?>
<!-- Generated by org.testng.reporters.JUnitReportReporter -->
<testsuite hostname="DESKTOP-01H70DH" failures="0" tests="1" name="com.crm.PracticeJDBC.SampleJDBCFinally" time="0.317" errors="0" timestamp="2022-02-16T23:05:02 IST" skipped="0">
  <testcase classname="com.crm.PracticeJDBC.SampleJDBCFinally" name="sampleJDBCFinally" time="0.317"/>
  <system-out/>
</testsuite> <!-- com.crm.PracticeJDBC.SampleJDBCFinally -->
