<?xml version="1.0" encoding="UTF-8"?>
<!-- Generated by org.testng.reporters.JUnitReportReporter -->
<testsuite hostname="DESKTOP-01H70DH" failures="0" tests="1" name="com.crm.LeadTests.Tl_17" time="122.962" errors="0" timestamp="2022-02-20T18:23:17 IST" skipped="0">
  <testcase classname="com.crm.LeadTests.Tl_17" name="createNewLeadsTest" time="122.962"/>
  <system-out/>
</testsuite> <!-- com.crm.LeadTests.Tl_17 -->
