<?xml version="1.0" encoding="UTF-8"?>
<!-- Generated by org.testng.reporters.JUnitReportReporter -->
<testsuite hostname="DESKTOP-01H70DH" failures="0" tests="1" name="DynamicPracticeTest.ContactCheckboxSelectTest" time="11.968" errors="0" timestamp="2022-03-08T15:14:08 IST" skipped="0">
  <testcase classname="DynamicPracticeTest.ContactCheckboxSelectTest" name="contactChechboxSelect" time="11.968"/>
  <system-out/>
</testsuite> <!-- DynamicPracticeTest.ContactCheckboxSelectTest -->
