<?xml version="1.0" encoding="UTF-8"?>
<!-- Generated by org.testng.reporters.JUnitReportReporter -->
<testsuite hostname="DESKTOP-01H70DH" failures="0" tests="1" name="com.crm.ContactTests.CreateContactsWithMultipleDataTest" time="0.000" errors="0" timestamp="2022-03-01T16:56:24 IST" skipped="1">
  <testcase classname="com.crm.ContactTests.CreateContactsWithMultipleDataTest" name="creatConWithMltipleData" time="0.000">
    <skipped/>
  </testcase> <!-- creatConWithMltipleData -->
  <system-out/>
</testsuite> <!-- com.crm.ContactTests.CreateContactsWithMultipleDataTest -->
